<?xml version="1.0" encoding="UTF-8"?>
<!-- Generated by org.testng.reporters.JUnitXMLReporter -->
<testsuite hostname="DESKTOP-TLBTJMO" ignored="0" name="Default test" tests="2" failures="0" timestamp="2022-06-08T11:22:54 CDT" time="21.489" errors="0">
  <testcase name="testDropDownValues" time="14.609" classname="SeleniumFrameworkMay2022.pageObject.HomePageTest"/>
  <testcase name="testHomepage" time="6.829" classname="SeleniumFrameworkMay2022.pageObject.HomePageTest"/>
</testsuite> <!-- Default test -->
