<?xml version="1.0" encoding="UTF-8"?>
<testsuite xmlns:xsi="http://www.w3.org/2001/XMLSchema-instance" xsi:noNamespaceSchemaLocation="https://maven.apache.org/surefire/maven-surefire-plugin/xsd/surefire-test-report.xsd" name="TestSuite" time="9.61" tests="3" errors="0" skipped="0" failures="2">
  <properties>
[...]
</properties>
  <testcase name="testDropDownValues" classname="SeleniumFrameworkMay2022.pageObject.HomePageTest" time="4.11">
    <failure message="unknown error: cannot determine loading status&#10;from tab crashed&#10;  (Session info: chrome=102.0.5005.63)&#10;Build info: version: &apos;4.2.1&apos;, revision: &apos;ac4d0fdd4a&apos;&#10;System info: host: &apos;DESKTOP-TLBTJMO&apos;, ip: &apos;192.168.1.106&apos;, os.name: &apos;Windows 10&apos;, os.arch: &apos;amd64&apos;, os.version: &apos;10.0&apos;, java.version: &apos;1.8.0_301&apos;&#10;Driver info: org.openqa.selenium.chrome.ChromeDriver&#10;Command: [1e818443a8ed96e95ad002b0ff87efce, clickElement {id=219d258c-93d1-4f0f-b6b3-941905368ee1}]&#10;Capabilities {acceptInsecureCerts: false, browserName: chrome, browserVersion: 102.0.5005.63, chrome: {chromedriverVersion: 102.0.5005.61 (0e59bcc00cc4..., userDataDir: C:\Users\ravi_\AppData\Loca...}, goog:chromeOptions: {debuggerAddress: localhost:62130}, networkConnectionEnabled: false, pageLoadStrategy: normal, platformName: WINDOWS, proxy: Proxy(), se:cdp: ws://localhost:62130/devtoo..., se:cdpVersion: 102.0.5005.63, setWindowRect: true, strictFileInteractability: false, timeouts: {implicit: 0, pageLoad: 300000, script: 30000}, unhandledPromptBehavior: dismiss and notify, webauthn:extension:credBlob: true, webauthn:extension:largeBlob: true, webauthn:virtualAuthenticators: true}&#10;Element: [[ChromeDriver: chrome on WINDOWS (1e818443a8ed96e95ad002b0ff87efce)] -&gt; id: gh-btn]&#10;Session ID: 1e818443a8ed96e95ad002b0ff87efce" type="org.openqa.selenium.WebDriverException">org.openqa.selenium.WebDriverException: 
unknown error: cannot determine loading status
from tab crashed
  (Session info: chrome=102.0.5005.63)
Build info: version: '4.2.1', revision: 'ac4d0fdd4a'
System info: host: 'DESKTOP-TLBTJMO', ip: '192.168.1.106', os.name: 'Windows 10', os.arch: 'amd64', os.version: '10.0', java.version: '1.8.0_301'
Driver info: org.openqa.selenium.chrome.ChromeDriver
Command: [1e818443a8ed96e95ad002b0ff87efce, clickElement {id=219d258c-93d1-4f0f-b6b3-941905368ee1}]
Capabilities {acceptInsecureCerts: false, browserName: chrome, browserVersion: 102.0.5005.63, chrome: {chromedriverVersion: 102.0.5005.61 (0e59bcc00cc4..., userDataDir: C:\Users\ravi_\AppData\Loca...}, goog:chromeOptions: {debuggerAddress: localhost:62130}, networkConnectionEnabled: false, pageLoadStrategy: normal, platformName: WINDOWS, proxy: Proxy(), se:cdp: ws://localhost:62130/devtoo..., se:cdpVersion: 102.0.5005.63, setWindowRect: true, strictFileInteractability: false, timeouts: {implicit: 0, pageLoad: 300000, script: 30000}, unhandledPromptBehavior: dismiss and notify, webauthn:extension:credBlob: true, webauthn:extension:largeBlob: true, webauthn:virtualAuthenticators: true}
Element: [[ChromeDriver: chrome on WINDOWS (1e818443a8ed96e95ad002b0ff87efce)] -> id: gh-btn]
Session ID: 1e818443a8ed96e95ad002b0ff87efce
	at SeleniumFrameworkMay2022.pageObject.HomePageTest.testDropDownValues(HomePageTest.java:46)
</failure>
    <system-err><![CDATA[SLF4J: Failed to load class "org.slf4j.impl.StaticLoggerBinder".
SLF4J: Defaulting to no-operation (NOP) logger implementation
SLF4J: See http://www.slf4j.org/codes.html#StaticLoggerBinder for further details.
Starting ChromeDriver 102.0.5005.61 (0e59bcc00cc4985ce39ad31c150065f159d95ad3-refs/branch-heads/5005@{#819}) on port 50925
Only local connections are allowed.
Please see https://chromedriver.chromium.org/security-considerations for suggestions on keeping ChromeDriver safe.
ChromeDriver was started successfully.
Jun 09, 2022 11:19:50 AM org.openqa.selenium.remote.ProtocolHandshake createSession
INFO: Detected upstream dialect: W3C
Jun 09, 2022 11:19:50 AM org.openqa.selenium.devtools.CdpVersionFinder findNearestMatch
INFO: Found exact CDP implementation for version 102
]]></system-err>
  </testcase>
  <testcase name="testHomepage" classname="SeleniumFrameworkMay2022.pageObject.HomePageTest" time="0.004">
    <failure message="tab crashed&#10;  (Session info: chrome=102.0.5005.63)&#10;Build info: version: &apos;4.2.1&apos;, revision: &apos;ac4d0fdd4a&apos;&#10;System info: host: &apos;DESKTOP-TLBTJMO&apos;, ip: &apos;192.168.1.106&apos;, os.name: &apos;Windows 10&apos;, os.arch: &apos;amd64&apos;, os.version: &apos;10.0&apos;, java.version: &apos;1.8.0_301&apos;&#10;Driver info: org.openqa.selenium.chrome.ChromeDriver&#10;Command: [1e818443a8ed96e95ad002b0ff87efce, findElement {using=xpath, value=//*[contains(text(),&apos;Sign in&apos;)]}]&#10;Capabilities {acceptInsecureCerts: false, browserName: chrome, browserVersion: 102.0.5005.63, chrome: {chromedriverVersion: 102.0.5005.61 (0e59bcc00cc4..., userDataDir: C:\Users\ravi_\AppData\Loca...}, goog:chromeOptions: {debuggerAddress: localhost:62130}, networkConnectionEnabled: false, pageLoadStrategy: normal, platformName: WINDOWS, proxy: Proxy(), se:cdp: ws://localhost:62130/devtoo..., se:cdpVersion: 102.0.5005.63, setWindowRect: true, strictFileInteractability: false, timeouts: {implicit: 0, pageLoad: 300000, script: 30000}, unhandledPromptBehavior: dismiss and notify, webauthn:extension:credBlob: true, webauthn:extension:largeBlob: true, webauthn:virtualAuthenticators: true}&#10;Session ID: 1e818443a8ed96e95ad002b0ff87efce" type="org.openqa.selenium.WebDriverException">org.openqa.selenium.WebDriverException: 
tab crashed
  (Session info: chrome=102.0.5005.63)
Build info: version: '4.2.1', revision: 'ac4d0fdd4a'
System info: host: 'DESKTOP-TLBTJMO', ip: '192.168.1.106', os.name: 'Windows 10', os.arch: 'amd64', os.version: '10.0', java.version: '1.8.0_301'
Driver info: org.openqa.selenium.chrome.ChromeDriver
Command: [1e818443a8ed96e95ad002b0ff87efce, findElement {using=xpath, value=//*[contains(text(),'Sign in')]}]
Capabilities {acceptInsecureCerts: false, browserName: chrome, browserVersion: 102.0.5005.63, chrome: {chromedriverVersion: 102.0.5005.61 (0e59bcc00cc4..., userDataDir: C:\Users\ravi_\AppData\Loca...}, goog:chromeOptions: {debuggerAddress: localhost:62130}, networkConnectionEnabled: false, pageLoadStrategy: normal, platformName: WINDOWS, proxy: Proxy(), se:cdp: ws://localhost:62130/devtoo..., se:cdpVersion: 102.0.5005.63, setWindowRect: true, strictFileInteractability: false, timeouts: {implicit: 0, pageLoad: 300000, script: 30000}, unhandledPromptBehavior: dismiss and notify, webauthn:extension:credBlob: true, webauthn:extension:largeBlob: true, webauthn:virtualAuthenticators: true}
Session ID: 1e818443a8ed96e95ad002b0ff87efce
	at SeleniumFrameworkMay2022.pageObject.HomePageTest.testHomepage(HomePageTest.java:27)
</failure>
  </testcase>
  <testcase name="f" classname="signinTest" time="0"/>
</testsuite>