<?xml version="1.0" encoding="UTF-8"?>
<testng-results skipped="0" failed="0" ignored="0" total="2" passed="2">
  <reporter-output>
  </reporter-output>
  <suite name="Suite" duration-ms="25103" started-at="2022-06-08T12:08:05 CDT" finished-at="2022-06-08T12:08:30 CDT">
    <groups>
    </groups>
    <test name="Test" duration-ms="25103" started-at="2022-06-08T12:08:05 CDT" finished-at="2022-06-08T12:08:30 CDT">
      <class name="SeleniumFrameworkMay2022.pageObject.HomePageTest">
        <test-method status="PASS" signature="testDropDownValues()[pri:0, instance:SeleniumFrameworkMay2022.pageObject.HomePageTest@cad498c]" name="testDropDownValues" duration-ms="13887" started-at="2022-06-08T12:08:05 CDT" finished-at="2022-06-08T12:08:19 CDT">
          <reporter-output>
          </reporter-output>
        </test-method> <!-- testDropDownValues -->
        <test-method status="PASS" signature="testHomepage()[pri:0, instance:SeleniumFrameworkMay2022.pageObject.HomePageTest@cad498c]" name="testHomepage" duration-ms="11177" started-at="2022-06-08T12:08:19 CDT" finished-at="2022-06-08T12:08:30 CDT">
          <reporter-output>
          </reporter-output>
        </test-method> <!-- testHomepage -->
      </class> <!-- SeleniumFrameworkMay2022.pageObject.HomePageTest -->
    </test> <!-- Test -->
  </suite> <!-- Suite -->
</testng-results>
